# JRE version: OpenJDK Runtime Environment Temurin-24.0.2+12 (24.0.2+12) (build 24.0.2+12)
# Java VM: OpenJDK 64-Bit Server VM Temurin-24.0.2+12 (24.0.2+12, mixed mode, sharing, tiered, compressed oops, compressed class ptrs, g1 gc, linux-amd64)
GC Precious Log:
 CardTable entry size: 512
 Card Set container configuration: InlinePtr #cards 4 size 8 Array Of Cards #cards 16 size 48 Howl #buckets 8 coarsen threshold 3686 Howl Bitmap #cards 512 size 80 coarsen threshold 460 Card regions per heap region 1 cards per card region 4096
 CPUs: 12 total, 12 available
 Memory: 15539M
 Large Page Support: Disabled
 NUMA Support: Disabled
 Compressed Oops: Enabled (Zero based)
 Heap Region Size: 2M
 Heap Min Capacity: 8M
 Heap Initial Capacity: 244M
 Heap Max Capacity: 3886M
 Pre-touch: Disabled
 Parallel Workers: 10
 Concurrent Workers: 3
 Concurrent Refinement Workers: 10
 Periodic GC: Disabled
Heap:
 garbage-first heap   total reserved 3979264K, committed 114688K, used 40163K [0x000000070d200000, 0x0000000800000000)
  region size 2048K, 6 young (12288K), 1 survivors (2048K)
 Metaspace       used 37630K, committed 38208K, reserved 1114112K
  class space    used 4445K, committed 4672K, reserved 1048576K
GC Heap History (10 events):
Event: 1,206 GC heap before
{Heap before GC invocations=0 (full 0):
 garbage-first heap   total reserved 3979264K, committed 251904K, used 54381K [0x000000070d200000, 0x0000000800000000)
  region size 2048K, 24 young (49152K), 0 survivors (0K)
 Metaspace       used 8829K, committed 9088K, reserved 1114112K
  class space    used 905K, committed 1024K, reserved 1048576K
}
Event: 1,213 GC heap after
{Heap after GC invocations=1 (full 0):
 garbage-first heap   total reserved 3979264K, committed 251904K, used 11693K [0x000000070d200000, 0x0000000800000000)
  region size 2048K, 3 young (6144K), 3 survivors (6144K)
 Metaspace       used 8829K, committed 9088K, reserved 1114112K
  class space    used 905K, committed 1024K, reserved 1048576K
}
Event: 2,538 GC heap before
{Heap before GC invocations=1 (full 0):
 garbage-first heap   total reserved 3979264K, committed 251904K, used 81325K [0x000000070d200000, 0x0000000800000000)
  region size 2048K, 36 young (73728K), 3 survivors (6144K)
 Metaspace       used 21244K, committed 21504K, reserved 1114112K
  class space    used 2783K, committed 2944K, reserved 1048576K
}
Event: 2,549 GC heap after
{Heap after GC invocations=2 (full 0):
 garbage-first heap   total reserved 3979264K, committed 251904K, used 23623K [0x000000070d200000, 0x0000000800000000)
  region size 2048K, 7 young (14336K), 7 survivors (14336K)
 Metaspace       used 21244K, committed 21504K, reserved 1114112K
  class space    used 2783K, committed 2944K, reserved 1048576K
}
Event: 13,611 GC heap before
{Heap before GC invocations=3 (full 0):
 garbage-first heap   total reserved 3979264K, committed 90112K, used 85063K [0x000000070d200000, 0x0000000800000000)
  region size 2048K, 35 young (71680K), 7 survivors (14336K)
 Metaspace       used 30367K, committed 30720K, reserved 1114112K
  class space    used 3626K, committed 3776K, reserved 1048576K
}
Event: 13,642 GC heap after
{Heap after GC invocations=4 (full 0):
 garbage-first heap   total reserved 3979264K, committed 114688K, used 31132K [0x000000070d200000, 0x0000000800000000)
  region size 2048K, 8 young (16384K), 8 survivors (16384K)
 Metaspace       used 30367K, committed 30720K, reserved 1114112K
  class space    used 3626K, committed 3776K, reserved 1048576K
}
Event: 13,915 GC heap before
{Heap before GC invocations=4 (full 0):
 garbage-first heap   total reserved 3979264K, committed 114688K, used 47516K [0x000000070d200000, 0x0000000800000000)
  region size 2048K, 17 young (34816K), 8 survivors (16384K)
 Metaspace       used 35508K, committed 35968K, reserved 1114112K
  class space    used 4180K, committed 4416K, reserved 1048576K
}
Event: 13,926 GC heap after
{Heap after GC invocations=5 (full 0):
 garbage-first heap   total reserved 3979264K, committed 114688K, used 33151K [0x000000070d200000, 0x0000000800000000)
  region size 2048K, 2 young (4096K), 2 survivors (4096K)
 Metaspace       used 35508K, committed 35968K, reserved 1114112K
  class space    used 4180K, committed 4416K, reserved 1048576K
}
Event: 13,950 GC heap before
{Heap before GC invocations=5 (full 0):
 garbage-first heap   total reserved 3979264K, committed 114688K, used 35199K [0x000000070d200000, 0x0000000800000000)
  region size 2048K, 4 young (8192K), 2 survivors (4096K)
 Metaspace       used 35697K, committed 36288K, reserved 1114112K
  class space    used 4219K, committed 4480K, reserved 1048576K
}
Event: 13,952 GC heap after
{Heap after GC invocations=6 (full 0):
 garbage-first heap   total reserved 3979264K, committed 114688K, used 31971K [0x000000070d200000, 0x0000000800000000)
  region size 2048K, 1 young (2048K), 1 survivors (2048K)
 Metaspace       used 35697K, committed 36288K, reserved 1114112K
  class space    used 4219K, committed 4480K, reserved 1048576K
}

