# JRE version: OpenJDK Runtime Environment Temurin-24.0.2+12 (24.0.2+12) (build 24.0.2+12)
# Java VM: OpenJDK 64-Bit Server VM Temurin-24.0.2+12 (24.0.2+12, mixed mode, sharing, tiered, compressed oops, compressed class ptrs, g1 gc, linux-amd64)
GC Precious Log:
 CardTable entry size: 512
 Card Set container configuration: InlinePtr #cards 4 size 8 Array Of Cards #cards 16 size 48 Howl #buckets 8 coarsen threshold 3686 Howl Bitmap #cards 512 size 80 coarsen threshold 460 Card regions per heap region 1 cards per card region 4096
 CPUs: 12 total, 12 available
 Memory: 15539M
 Large Page Support: Disabled
 NUMA Support: Disabled
 Compressed Oops: Enabled (Zero based)
 Heap Region Size: 2M
 Heap Min Capacity: 8M
 Heap Initial Capacity: 244M
 Heap Max Capacity: 3886M
 Pre-touch: Disabled
 Parallel Workers: 10
 Concurrent Workers: 3
 Concurrent Refinement Workers: 10
 Periodic GC: Disabled
Heap:
 garbage-first heap   total reserved 3979264K, committed 114688K, used 40374K [0x000000070d200000, 0x0000000800000000)
  region size 2048K, 6 young (12288K), 1 survivors (2048K)
 Metaspace       used 37463K, committed 38080K, reserved 1114112K
  class space    used 4427K, committed 4672K, reserved 1048576K
GC Heap History (10 events):
Event: 1,291 GC heap before
{Heap before GC invocations=0 (full 0):
 garbage-first heap   total reserved 3979264K, committed 251904K, used 54381K [0x000000070d200000, 0x0000000800000000)
  region size 2048K, 24 young (49152K), 0 survivors (0K)
 Metaspace       used 8818K, committed 9088K, reserved 1114112K
  class space    used 905K, committed 1024K, reserved 1048576K
}
Event: 1,296 GC heap after
{Heap after GC invocations=1 (full 0):
 garbage-first heap   total reserved 3979264K, committed 251904K, used 11826K [0x000000070d200000, 0x0000000800000000)
  region size 2048K, 3 young (6144K), 3 survivors (6144K)
 Metaspace       used 8818K, committed 9088K, reserved 1114112K
  class space    used 905K, committed 1024K, reserved 1048576K
}
Event: 2,613 GC heap before
{Heap before GC invocations=1 (full 0):
 garbage-first heap   total reserved 3979264K, committed 251904K, used 79410K [0x000000070d200000, 0x0000000800000000)
  region size 2048K, 35 young (71680K), 3 survivors (6144K)
 Metaspace       used 21201K, committed 21504K, reserved 1114112K
  class space    used 2745K, committed 2880K, reserved 1048576K
}
Event: 2,624 GC heap after
{Heap after GC invocations=2 (full 0):
 garbage-first heap   total reserved 3979264K, committed 251904K, used 23854K [0x000000070d200000, 0x0000000800000000)
  region size 2048K, 7 young (14336K), 7 survivors (14336K)
 Metaspace       used 21201K, committed 21504K, reserved 1114112K
  class space    used 2745K, committed 2880K, reserved 1048576K
}
Event: 10,155 GC heap before
{Heap before GC invocations=3 (full 0):
 garbage-first heap   total reserved 3979264K, committed 90112K, used 85294K [0x000000070d200000, 0x0000000800000000)
  region size 2048K, 35 young (71680K), 7 survivors (14336K)
 Metaspace       used 29908K, committed 30336K, reserved 1114112K
  class space    used 3595K, committed 3776K, reserved 1048576K
}
Event: 10,170 GC heap after
{Heap after GC invocations=4 (full 0):
 garbage-first heap   total reserved 3979264K, committed 114688K, used 30740K [0x000000070d200000, 0x0000000800000000)
  region size 2048K, 8 young (16384K), 8 survivors (16384K)
 Metaspace       used 29908K, committed 30336K, reserved 1114112K
  class space    used 3595K, committed 3776K, reserved 1048576K
}
Event: 10,565 GC heap before
{Heap before GC invocations=4 (full 0):
 garbage-first heap   total reserved 3979264K, committed 114688K, used 51220K [0x000000070d200000, 0x0000000800000000)
  region size 2048K, 19 young (38912K), 8 survivors (16384K)
 Metaspace       used 35425K, committed 35968K, reserved 1114112K
  class space    used 4191K, committed 4416K, reserved 1048576K
}
Event: 10,576 GC heap after
{Heap after GC invocations=5 (full 0):
 garbage-first heap   total reserved 3979264K, committed 114688K, used 33436K [0x000000070d200000, 0x0000000800000000)
  region size 2048K, 2 young (4096K), 2 survivors (4096K)
 Metaspace       used 35425K, committed 35968K, reserved 1114112K
  class space    used 4191K, committed 4416K, reserved 1048576K
}
Event: 10,609 GC heap before
{Heap before GC invocations=5 (full 0):
 garbage-first heap   total reserved 3979264K, committed 114688K, used 35484K [0x000000070d200000, 0x0000000800000000)
  region size 2048K, 4 young (8192K), 2 survivors (4096K)
 Metaspace       used 35657K, committed 36288K, reserved 1114112K
  class space    used 4236K, committed 4544K, reserved 1048576K
}
Event: 10,612 GC heap after
{Heap after GC invocations=6 (full 0):
 garbage-first heap   total reserved 3979264K, committed 114688K, used 32182K [0x000000070d200000, 0x0000000800000000)
  region size 2048K, 1 young (2048K), 1 survivors (2048K)
 Metaspace       used 35657K, committed 36288K, reserved 1114112K
  class space    used 4236K, committed 4544K, reserved 1048576K
}

